<?xml version="1.0" encoding="UTF-8"?>
<testsuite xmlns:xsi="http://www.w3.org/2001/XMLSchema-instance" xsi:noNamespaceSchemaLocation="https://maven.apache.org/surefire/maven-surefire-plugin/xsd/surefire-test-report.xsd" name="testRunner.Runner" time="59.865" tests="20" errors="1" skipped="0" failures="2">
  <properties>
[...]
</properties>
  <testcase name="Should be able to add an item" classname="Add to Cart functionality" time="3.006"/>
  <testcase name="Should be able to login via Customer" classname="Bank site should be working" time="3.429"/>
  <testcase name="Should be able to add customer" classname="Bank site should be working" time="2.638"/>
  <testcase name="Should be able to open account" classname="Bank site should be working" time="3.341"/>
  <testcase name="Should be able to deposit amount" classname="Bank site should be working" time="2.777"/>
  <testcase name="Should be able to withdraw amount less than balance" classname="Bank site should be working" time="2.835"/>
  <testcase name="Should not be able to withdraw amount more than balance" classname="Bank site should be working" time="2.788"/>
  <testcase name="Should be able to logout" classname="Bank site should be working" time="2.516"/>
  <testcase name="Should be able to refresh page" classname="Google Search" time="2.142"/>
  <testcase name="Should be able to search Test Automation" classname="Google Search" time="4.118"/>
  <testcase name="Should be able to fail test" classname="Google Search" time="4.044">
    <failure message="expected:&lt;Test Automation[s] - Google Search&gt; but was:&lt;Test Automation[] - Google Search&gt;" type="org.junit.ComparisonFailure"><![CDATA[org.junit.ComparisonFailure: expected:<Test Automation[s] - Google Search> but was:<Test Automation[] - Google Search>
]]></failure>
    <system-out><![CDATA[
@Failed
Scenario: Should be able to fail test                              # src/main/feature/GoogleSearch.feature:16
  Given User is in Google site                                     # stepDefinitions.SearchPage.user_is_in_google_site()
  When User inputs "Test Automation"                               # stepDefinitions.SearchPage.user_inputs(java.lang.String)
  And User hit enter                                               # stepDefinitions.SearchPage.user_hit_enter()
  Then Page will be redirected to "Test Automations" Google Search # stepDefinitions.SearchPage.page_will_be_redirected_to_google_search(java.lang.String)
      org.junit.ComparisonFailure: expected:<Test Automation[s] - Google Search> but was:<Test Automation[] - Google Search>
	at org.junit.Assert.assertEquals(Assert.java:117)
	at org.junit.Assert.assertEquals(Assert.java:146)
	at stepDefinitions.SearchPage.page_will_be_redirected_to_google_search(SearchPage.java:57)
	at ✽.Page will be redirected to "Test Automations" Google Search(file:///Users/evaldez/Documents/TestAutomation/Java/testing/src/main/feature/GoogleSearch.feature:20)

  And User closes browser                                          # stepDefinitions.SearchPage.user_closes_browser()
]]></system-out>
    <system-err><![CDATA[Starting ChromeDriver 109.0.5414.74 (e7c5703604daa9cc128ccf5a5d3e993513758913-refs/branch-heads/5414@{#1172}) on port 45147
Only local connections are allowed.
Please see https://chromedriver.chromium.org/security-considerations for suggestions on keeping ChromeDriver safe.
ChromeDriver was started successfully.
Jan 30, 2023 4:03:33 PM org.openqa.selenium.devtools.CdpVersionFinder findNearestMatch
WARNING: Unable to find an exact match for CDP version 109, so returning the closest version found: 108
]]></system-err>
  </testcase>
  <testcase name="Should be able to search Cucumber" classname="Google Search" time="4.534"/>
  <testcase name="Should be able to login successfully" classname="Login Functionality" time="1.866"/>
  <testcase name="Should not be able to login using locked user" classname="Login Functionality" time="2.135"/>
  <testcase name="Should not be able to login using invalid username" classname="Login Functionality" time="1.838"/>
  <testcase name="Should not be able to login using invalid password" classname="Login Functionality" time="2.054"/>
  <testcase name="Should fail test" classname="Login Functionality" time="7.534">
    <error message="Expected condition failed: waiting for visibility of element located by By.xpath: //span[@class=&apos;title&apos;] (tried for 5 second(s) with 500 milliseconds interval)&#10;Build info: version: &apos;4.7.2&apos;, revision: &apos;4d4020c3b7&apos;&#10;System info: os.name: &apos;Mac OS X&apos;, os.arch: &apos;aarch64&apos;, os.version: &apos;12.5.1&apos;, java.version: &apos;19.0.2&apos;&#10;Driver info: org.openqa.selenium.chrome.ChromeDriver&#10;Capabilities {acceptInsecureCerts: false, browserName: chrome, browserVersion: 109.0.5414.119, chrome: {chromedriverVersion: 109.0.5414.74 (e7c5703604da..., userDataDir: /var/folders/hg/d8_bz3cx2zg...}, goog:chromeOptions: {debuggerAddress: localhost:49635}, networkConnectionEnabled: false, pageLoadStrategy: normal, platformName: MAC, proxy: Proxy(), se:cdp: ws://localhost:49635/devtoo..., se:cdpVersion: 109.0.5414.119, setWindowRect: true, strictFileInteractability: false, timeouts: {implicit: 0, pageLoad: 300000, script: 30000}, unhandledPromptBehavior: dismiss and notify, webauthn:extension:credBlob: true, webauthn:extension:largeBlob: true, webauthn:virtualAuthenticators: true}&#10;Session ID: 9e0b57144a92a2100f1382f21ecd9d07" type="org.openqa.selenium.TimeoutException">org.openqa.selenium.TimeoutException: 
Expected condition failed: waiting for visibility of element located by By.xpath: //span[@class='title'] (tried for 5 second(s) with 500 milliseconds interval)
Build info: version: '4.7.2', revision: '4d4020c3b7'
System info: os.name: 'Mac OS X', os.arch: 'aarch64', os.version: '12.5.1', java.version: '19.0.2'
Driver info: org.openqa.selenium.chrome.ChromeDriver
Capabilities {acceptInsecureCerts: false, browserName: chrome, browserVersion: 109.0.5414.119, chrome: {chromedriverVersion: 109.0.5414.74 (e7c5703604da..., userDataDir: /var/folders/hg/d8_bz3cx2zg...}, goog:chromeOptions: {debuggerAddress: localhost:49635}, networkConnectionEnabled: false, pageLoadStrategy: normal, platformName: MAC, proxy: Proxy(), se:cdp: ws://localhost:49635/devtoo..., se:cdpVersion: 109.0.5414.119, setWindowRect: true, strictFileInteractability: false, timeouts: {implicit: 0, pageLoad: 300000, script: 30000}, unhandledPromptBehavior: dismiss and notify, webauthn:extension:credBlob: true, webauthn:extension:largeBlob: true, webauthn:virtualAuthenticators: true}
Session ID: 9e0b57144a92a2100f1382f21ecd9d07
</error>
    <system-out><![CDATA[
@Failed
Scenario: Should fail test                             # src/main/feature/Login.feature:32
  Given User navigate to Swag Labs site                # stepDefinitions.LoginPage.user_navigate_to_swag_labs_site()
  When User inputs "standard_user" and "secret_saucee" # stepDefinitions.LoginPage.user_inputs_username_and_password(java.lang.String,java.lang.String)
  Then User will be able to go to dashboard page       # stepDefinitions.LoginPage.user_will_be_able_to_go_to_dashboard_page()
      org.openqa.selenium.TimeoutException: Expected condition failed: waiting for visibility of element located by By.xpath: //span[@class='title'] (tried for 5 second(s) with 500 milliseconds interval)
Build info: version: '4.7.2', revision: '4d4020c3b7'
System info: os.name: 'Mac OS X', os.arch: 'aarch64', os.version: '12.5.1', java.version: '19.0.2'
Driver info: org.openqa.selenium.chrome.ChromeDriver
Capabilities {acceptInsecureCerts: false, browserName: chrome, browserVersion: 109.0.5414.119, chrome: {chromedriverVersion: 109.0.5414.74 (e7c5703604da..., userDataDir: /var/folders/hg/d8_bz3cx2zg...}, goog:chromeOptions: {debuggerAddress: localhost:49635}, networkConnectionEnabled: false, pageLoadStrategy: normal, platformName: MAC, proxy: Proxy(), se:cdp: ws://localhost:49635/devtoo..., se:cdpVersion: 109.0.5414.119, setWindowRect: true, strictFileInteractability: false, timeouts: {implicit: 0, pageLoad: 300000, script: 30000}, unhandledPromptBehavior: dismiss and notify, webauthn:extension:credBlob: true, webauthn:extension:largeBlob: true, webauthn:virtualAuthenticators: true}
Session ID: 9e0b57144a92a2100f1382f21ecd9d07
	at org.openqa.selenium.support.ui.WebDriverWait.timeoutException(WebDriverWait.java:87)
	at org.openqa.selenium.support.ui.FluentWait.until(FluentWait.java:231)
	at stepDefinitions.LoginPage.user_will_be_able_to_go_to_dashboard_page(LoginPage.java:37)
	at ✽.User will be able to go to dashboard page(file:///Users/evaldez/Documents/TestAutomation/Java/testing/src/main/feature/Login.feature:35)

  And User closes window                               # stepDefinitions.LoginPage.user_closes_window()
]]></system-out>
    <system-err><![CDATA[Starting ChromeDriver 109.0.5414.74 (e7c5703604daa9cc128ccf5a5d3e993513758913-refs/branch-heads/5414@{#1172}) on port 39311
Only local connections are allowed.
Please see https://chromedriver.chromium.org/security-considerations for suggestions on keeping ChromeDriver safe.
ChromeDriver was started successfully.
Jan 30, 2023 4:03:49 PM org.openqa.selenium.devtools.CdpVersionFinder findNearestMatch
WARNING: Unable to find an exact match for CDP version 109, so returning the closest version found: 108
]]></system-err>
  </testcase>
  <testcase name="Test will fail" classname="Sort Functionality" time="1.859">
    <failure type="java.lang.AssertionError">java.lang.AssertionError
</failure>
    <system-out><![CDATA[
@Failed
Scenario: Test will fail                        # src/main/feature/Sorting.feature:4
  Given User is login to site                   # stepDefinitions.Dashboard.user_is_login_to_site()
  When User select sort via "az"                # stepDefinitions.Dashboard.user_select_sort_via(java.lang.String)
  Then Items will be sorted in descending order # stepDefinitions.Dashboard.items_will_be_sorted_in_descending_order()
      java.lang.AssertionError
	at org.junit.Assert.fail(Assert.java:87)
	at org.junit.Assert.assertTrue(Assert.java:42)
	at org.junit.Assert.assertTrue(Assert.java:53)
	at stepDefinitions.Dashboard.items_will_be_sorted_in_descending_order(Dashboard.java:80)
	at ✽.Items will be sorted in descending order(file:///Users/evaldez/Documents/TestAutomation/Java/testing/src/main/feature/Sorting.feature:7)

]]></system-out>
    <system-err><![CDATA[Starting ChromeDriver 109.0.5414.74 (e7c5703604daa9cc128ccf5a5d3e993513758913-refs/branch-heads/5414@{#1172}) on port 8087
Only local connections are allowed.
Please see https://chromedriver.chromium.org/security-considerations for suggestions on keeping ChromeDriver safe.
ChromeDriver was started successfully.
Jan 30, 2023 4:03:57 PM org.openqa.selenium.devtools.CdpVersionFinder findNearestMatch
WARNING: Unable to find an exact match for CDP version 109, so returning the closest version found: 108
]]></system-err>
  </testcase>
  <testcase name="Should be able to sort in ascending order" classname="Sort Functionality" time="2.193"/>
  <testcase name="Should be able to sort in descending order" classname="Sort Functionality" time="1.896"/>
</testsuite>